\BOOKMARK [0][-]{chapter.1}{Introduction}{}% 1
\BOOKMARK [0][-]{chapter.2}{Preliminaries}{}% 2
\BOOKMARK [1][-]{section.2.1}{Mathematical Foundations}{chapter.2}% 3
\BOOKMARK [2][-]{subsection.2.1.1}{Probability Theory}{section.2.1}% 4
\BOOKMARK [2][-]{subsection.2.1.2}{Conditional Probability}{section.2.1}% 5
\BOOKMARK [2][-]{subsection.2.1.3}{Stochastic Process}{section.2.1}% 6
\BOOKMARK [1][-]{section.2.2}{Applied Foundations}{chapter.2}% 7
\BOOKMARK [0][-]{chapter.3}{Standard Markov and Markov Property}{}% 8
\BOOKMARK [1][-]{section.3.1}{History}{chapter.3}% 9
\BOOKMARK [1][-]{section.3.2}{Markov Chain}{chapter.3}% 10
\BOOKMARK [1][-]{section.3.3}{Applications of the Markov Model}{chapter.3}% 11
\BOOKMARK [1][-]{section.3.4}{Motivating the Hidden Markov Model}{chapter.3}% 12
\BOOKMARK [0][-]{chapter.4}{Hidden Markov Model}{}% 13
\BOOKMARK [1][-]{section.4.1}{Derivation}{chapter.4}% 14
\BOOKMARK [1][-]{section.4.2}{Applications of HMM}{chapter.4}% 15
\BOOKMARK [2][-]{subsection.4.2.1}{Predicitive Model}{section.4.2}% 16
\BOOKMARK [2][-]{subsection.4.2.2}{Sequence Prediction}{section.4.2}% 17
\BOOKMARK [2][-]{subsection.4.2.3}{Three Key Problems}{section.4.2}% 18
\BOOKMARK [1][-]{section.4.3}{Problem 1: Evaluation}{chapter.4}% 19
\BOOKMARK [2][-]{subsection.4.3.1}{Forward-Backward Algorithm}{section.4.3}% 20
\BOOKMARK [1][-]{section.4.4}{Problem 2: Decoding}{chapter.4}% 21
\BOOKMARK [2][-]{subsection.4.4.1}{Viterbi Algorithm}{section.4.4}% 22
\BOOKMARK [1][-]{section.4.5}{Problem 3: Learning}{chapter.4}% 23
\BOOKMARK [2][-]{subsection.4.5.1}{Expectation Maximization}{section.4.5}% 24
\BOOKMARK [2][-]{subsection.4.5.2}{Baum-Welch Algorithm}{section.4.5}% 25
\BOOKMARK [1][-]{section.4.6}{Modified HMM}{chapter.4}% 26
\BOOKMARK [2][-]{subsection.4.6.1}{GMM}{section.4.6}% 27
