This is pdfTeX, Version 3.14159265-2.6-1.40.20 (TeX Live 2019/Debian) (preloaded format=pdflatex 2021.1.25)  23 APR 2021 16:57
entering extended mode
 restricted \write18 enabled.
 file:line:error style messages enabled.
 %&-line parsing enabled.
**/home/dil/Desktop/MMathProject/Latex/main.tex
(/home/dil/Desktop/MMathProject/Latex/main.tex
LaTeX2e <2020-02-02> patch level 2
L3 programming layer <2020-02-14> (/usr/share/texlive/texmf-dist/tex/latex/base/report.cls
Document Class: report 2019/12/20 v1.4l Standard LaTeX document class
(/usr/share/texlive/texmf-dist/tex/latex/base/size12.clo
File: size12.clo 2019/12/20 v1.4l Standard LaTeX file (size option)
)
\c@part=\count167
\c@chapter=\count168
\c@section=\count169
\c@subsection=\count170
\c@subsubsection=\count171
\c@paragraph=\count172
\c@subparagraph=\count173
\c@figure=\count174
\c@table=\count175
\abovecaptionskip=\skip47
\belowcaptionskip=\skip48
\bibindent=\dimen134
) (/usr/share/texlive/texmf-dist/tex/latex/amsmath/amsmath.sty
Package: amsmath 2020/01/20 v2.17e AMS math features
\@mathmargin=\skip49

For additional information on amsmath, use the `?' option.
(/usr/share/texlive/texmf-dist/tex/latex/amsmath/amstext.sty
Package: amstext 2000/06/29 v2.01 AMS text
 (/usr/share/texlive/texmf-dist/tex/latex/amsmath/amsgen.sty
File: amsgen.sty 1999/11/30 v2.0 generic functions
\@emptytoks=\toks14
\ex@=\dimen135
)) (/usr/share/texlive/texmf-dist/tex/latex/amsmath/amsbsy.sty
Package: amsbsy 1999/11/29 v1.2d Bold Symbols
\pmbraise@=\dimen136
) (/usr/share/texlive/texmf-dist/tex/latex/amsmath/amsopn.sty
Package: amsopn 2016/03/08 v2.02 operator names
)
\inf@bad=\count176
LaTeX Info: Redefining \frac on input line 227.
\uproot@=\count177
\leftroot@=\count178
LaTeX Info: Redefining \overline on input line 389.
\classnum@=\count179
\DOTSCASE@=\count180
LaTeX Info: Redefining \ldots on input line 486.
LaTeX Info: Redefining \dots on input line 489.
LaTeX Info: Redefining \cdots on input line 610.
\Mathstrutbox@=\box45
\strutbox@=\box46
\big@size=\dimen137
LaTeX Font Info:    Redeclaring font encoding OML on input line 733.
LaTeX Font Info:    Redeclaring font encoding OMS on input line 734.
\macc@depth=\count181
\c@MaxMatrixCols=\count182
\dotsspace@=\muskip16
\c@parentequation=\count183
\dspbrk@lvl=\count184
\tag@help=\toks15
\row@=\count185
\column@=\count186
\maxfields@=\count187
\andhelp@=\toks16
\eqnshift@=\dimen138
\alignsep@=\dimen139
\tagshift@=\dimen140
\tagwidth@=\dimen141
\totwidth@=\dimen142
\lineht@=\dimen143
\@envbody=\toks17
\multlinegap=\skip50
\multlinetaggap=\skip51
\mathdisplay@stack=\toks18
LaTeX Info: Redefining \[ on input line 2859.
LaTeX Info: Redefining \] on input line 2860.
) (/usr/share/texlive/texmf-dist/tex/latex/amsfonts/amssymb.sty
Package: amssymb 2013/01/14 v3.01 AMS font symbols
 (/usr/share/texlive/texmf-dist/tex/latex/amsfonts/amsfonts.sty
Package: amsfonts 2013/01/14 v3.01 Basic AMSFonts support
\symAMSa=\mathgroup4
\symAMSb=\mathgroup5
LaTeX Font Info:    Redeclaring math symbol \hbar on input line 98.
LaTeX Font Info:    Overwriting math alphabet `\mathfrak' in version `bold'
(Font)                  U/euf/m/n --> U/euf/b/n on input line 106.
)) (/usr/share/texlive/texmf-dist/tex/latex/amscls/amsthm.sty
Package: amsthm 2017/10/31 v2.20.4
\thm@style=\toks19
\thm@bodyfont=\toks20
\thm@headfont=\toks21
\thm@notefont=\toks22
\thm@headpunct=\toks23
\thm@preskip=\skip52
\thm@postskip=\skip53
\thm@headsep=\skip54
\dth@everypar=\toks24
) (/usr/share/texlive/texmf-dist/tex/latex/base/latexsym.sty
Package: latexsym 1998/08/17 v2.2e Standard LaTeX package (lasy symbols)
\symlasy=\mathgroup6
LaTeX Font Info:    Overwriting symbol font `lasy' in version `bold'
(Font)                  U/lasy/m/n --> U/lasy/b/n on input line 52.
) (/usr/share/texlive/texmf-dist/tex/latex/tools/enumerate.sty
Package: enumerate 2015/07/23 v3.00 enumerate extensions (DPC)
\@enLab=\toks25
) (/usr/share/texlive/texmf-dist/tex/latex/caption/caption.sty
Package: caption 2020/01/03 v3.4h Customizing captions (AR)
 (/usr/share/texlive/texmf-dist/tex/latex/caption/caption3.sty
Package: caption3 2020/01/03 v1.8h caption3 kernel (AR)
Package caption3 Info: TeX engine: e-TeX on input line 61.
 (/usr/share/texlive/texmf-dist/tex/latex/graphics/keyval.sty
Package: keyval 2014/10/28 v1.15 key=value parser (DPC)
\KV@toks@=\toks26
)
\captionmargin=\dimen144
\captionmargin@=\dimen145
\captionwidth=\dimen146
\caption@tempdima=\dimen147
\caption@indent=\dimen148
\caption@parindent=\dimen149
\caption@hangindent=\dimen150
Package caption Info: Standard document class detected.
)
\c@caption@flags=\count188
\c@continuedfloat=\count189
) (/usr/share/texlive/texmf-dist/tex/latex/caption/subcaption.sty
Package: subcaption 2020/01/22 v1.3d Sub-captions (AR)
\c@subfigure=\count190
\c@subtable=\count191
) (/usr/share/texlive/texmf-dist/tex/latex/graphics/graphicx.sty
Package: graphicx 2019/11/30 v1.2a Enhanced LaTeX Graphics (DPC,SPQR)
 (/usr/share/texlive/texmf-dist/tex/latex/graphics/graphics.sty
Package: graphics 2019/11/30 v1.4a Standard LaTeX Graphics (DPC,SPQR)
 (/usr/share/texlive/texmf-dist/tex/latex/graphics/trig.sty
Package: trig 2016/01/03 v1.10 sin cos tan (DPC)
) (/usr/share/texlive/texmf-dist/tex/latex/graphics-cfg/graphics.cfg
File: graphics.cfg 2016/06/04 v1.11 sample graphics configuration
)
Package graphics Info: Driver file: dvips.def on input line 105.
 (/usr/share/texlive/texmf-dist/tex/latex/graphics-def/dvips.def
File: dvips.def 2017/06/20 v3.1d Graphics/color driver for dvips
))
\Gin@req@height=\dimen151
\Gin@req@width=\dimen152
) (/usr/share/texlive/texmf-dist/tex/latex/graphics/rotating.sty
Package: rotating 2016/08/11 v2.16d rotated objects in LaTeX
 (/usr/share/texlive/texmf-dist/tex/latex/base/ifthen.sty
Package: ifthen 2014/09/29 v1.1c Standard LaTeX ifthen package (DPC)
)
\c@r@tfl@t=\count192
\rotFPtop=\skip55
\rotFPbot=\skip56
\rot@float@box=\box47
\rot@mess@toks=\toks27
) (/usr/share/texlive/texmf-dist/tex/latex/curves/curves.sty
Package: curves 2017/08/25 1.55 Curves for LaTeX picture environment
\;sc=\count193
\;scp=\count194
\;t=\count195
\;cc=\count196
\;cnd=\count197
\;mcnd=\count198
\;np=\count199
\;overhang=\count266
\;pbs=\count267
\;pns=\count268
\;psc=\count269
\;rc=\count270
\;rtc=\count271
\;tc=\count272
\csdiameter=\skip57
\curvelength=\skip58
\overhang=\skip59
\;x=\skip60
\;dx=\skip61
\;ddx=\skip62
\;y=\skip63
\;dy=\skip64
\;ddy=\skip65
\;pl=\skip66
\;ucd=\skip67
\;csbox=\box48
\;pt=\box49
\;strline=\toks28
\m;ssingcoord=\toks29
\;negdash=\toks30
\;oddcoord=\toks31
\;wc=\count273
\;X=\skip68
\;Y=\skip69
) (/usr/share/texlive/texmf-dist/tex/latex/graphics/color.sty
Package: color 2019/11/23 v1.2a Standard LaTeX Color (DPC)
 (/usr/share/texlive/texmf-dist/tex/latex/graphics-cfg/color.cfg
File: color.cfg 2016/01/02 v1.6 sample color configuration
)
Package color Info: Driver file: pdftex.def on input line 147.
 (/usr/share/texlive/texmf-dist/tex/latex/graphics-def/pdftex.def
File: pdftex.def 2018/01/08 v1.0l Graphics/color driver for pdftex
)) (/usr/share/texlive/texmf-dist/tex/latex/eepic/epic.sty
Enhancements to Picture Environment. Version 1.2 - Released June 1, 1986
\@@multicnt=\count274
\d@lta=\count275
\@delta=\dimen153
\@@delta=\dimen154
\@gridcnt=\count276
\@joinkind=\count277
\@dotgap=\dimen155
\@ddotgap=\dimen156
\@x@diff=\count278
\@y@diff=\count279
\x@diff=\dimen157
\y@diff=\dimen158
\@dotbox=\box50
\num@segments=\count280
\num@segmentsi=\count281
\@datafile=\read2
) (/usr/share/texlive/texmf-dist/tex/latex/pgf/frontendlayer/tikz.sty (/usr/share/texlive/texmf-dist/tex/latex/pgf/basiclayer/pgf.sty (/usr/share/texlive/texmf-dist/tex/latex/pgf/utilities/pgfrcs.sty (/usr/share/texlive/texmf-dist/tex/generic/pgf/utilities/pgfutil-common.tex
\pgfutil@everybye=\toks32
\pgfutil@tempdima=\dimen159
\pgfutil@tempdimb=\dimen160
 (/usr/share/texlive/texmf-dist/tex/generic/pgf/utilities/pgfutil-common-lists.tex)) (/usr/share/texlive/texmf-dist/tex/generic/pgf/utilities/pgfutil-latex.def
\pgfutil@abb=\box51
 (/usr/share/texlive/texmf-dist/tex/latex/ms/everyshi.sty
Package: everyshi 2001/05/15 v3.00 EveryShipout Package (MS)
)) (/usr/share/texlive/texmf-dist/tex/generic/pgf/utilities/pgfrcs.code.tex (/usr/share/texlive/texmf-dist/tex/generic/pgf/pgf.revision.tex)
Package: pgfrcs 2020/01/08 v3.1.5b (3.1.5b)
))
Package: pgf 2020/01/08 v3.1.5b (3.1.5b)
 (/usr/share/texlive/texmf-dist/tex/latex/pgf/basiclayer/pgfcore.sty (/usr/share/texlive/texmf-dist/tex/latex/pgf/systemlayer/pgfsys.sty (/usr/share/texlive/texmf-dist/tex/generic/pgf/systemlayer/pgfsys.code.tex
Package: pgfsys 2020/01/08 v3.1.5b (3.1.5b)
 (/usr/share/texlive/texmf-dist/tex/generic/pgf/utilities/pgfkeys.code.tex
\pgfkeys@pathtoks=\toks33
\pgfkeys@temptoks=\toks34
 (/usr/share/texlive/texmf-dist/tex/generic/pgf/utilities/pgfkeysfiltered.code.tex
\pgfkeys@tmptoks=\toks35
))
\pgf@x=\dimen161
\pgf@y=\dimen162
\pgf@xa=\dimen163
\pgf@ya=\dimen164
\pgf@xb=\dimen165
\pgf@yb=\dimen166
\pgf@xc=\dimen167
\pgf@yc=\dimen168
\pgf@xd=\dimen169
\pgf@yd=\dimen170
\w@pgf@writea=\write3
\r@pgf@reada=\read3
\c@pgf@counta=\count282
\c@pgf@countb=\count283
\c@pgf@countc=\count284
\c@pgf@countd=\count285
\t@pgf@toka=\toks36
\t@pgf@tokb=\toks37
\t@pgf@tokc=\toks38
\pgf@sys@id@count=\count286
 (/usr/share/texlive/texmf-dist/tex/generic/pgf/systemlayer/pgf.cfg
File: pgf.cfg 2020/01/08 v3.1.5b (3.1.5b)
)
Driver file for pgf: pgfsys-pdftex.def
 (/usr/share/texlive/texmf-dist/tex/generic/pgf/systemlayer/pgfsys-pdftex.def
File: pgfsys-pdftex.def 2020/01/08 v3.1.5b (3.1.5b)
 (/usr/share/texlive/texmf-dist/tex/generic/pgf/systemlayer/pgfsys-common-pdf.def
File: pgfsys-common-pdf.def 2020/01/08 v3.1.5b (3.1.5b)
))) (/usr/share/texlive/texmf-dist/tex/generic/pgf/systemlayer/pgfsyssoftpath.code.tex
File: pgfsyssoftpath.code.tex 2020/01/08 v3.1.5b (3.1.5b)
\pgfsyssoftpath@smallbuffer@items=\count287
\pgfsyssoftpath@bigbuffer@items=\count288
) (/usr/share/texlive/texmf-dist/tex/generic/pgf/systemlayer/pgfsysprotocol.code.tex
File: pgfsysprotocol.code.tex 2020/01/08 v3.1.5b (3.1.5b)
)) (/usr/share/texlive/texmf-dist/tex/latex/xcolor/xcolor.sty
Package: xcolor 2016/05/11 v2.12 LaTeX color extensions (UK)
 (/usr/share/texlive/texmf-dist/tex/latex/graphics-cfg/color.cfg
File: color.cfg 2016/01/02 v1.6 sample color configuration
)
Package xcolor Info: Driver file: pdftex.def on input line 225.
LaTeX Info: Redefining \color on input line 709.
Package xcolor Info: Model `cmy' substituted by `cmy0' on input line 1348.
Package xcolor Info: Model `RGB' extended on input line 1364.
Package xcolor Info: Model `HTML' substituted by `rgb' on input line 1366.
Package xcolor Info: Model `Hsb' substituted by `hsb' on input line 1367.
Package xcolor Info: Model `tHsb' substituted by `hsb' on input line 1368.
Package xcolor Info: Model `HSB' substituted by `hsb' on input line 1369.
Package xcolor Info: Model `Gray' substituted by `gray' on input line 1370.
Package xcolor Info: Model `wave' substituted by `hsb' on input line 1371.
) (/usr/share/texlive/texmf-dist/tex/generic/pgf/basiclayer/pgfcore.code.tex
Package: pgfcore 2020/01/08 v3.1.5b (3.1.5b)
 (/usr/share/texlive/texmf-dist/tex/generic/pgf/math/pgfmath.code.tex (/usr/share/texlive/texmf-dist/tex/generic/pgf/math/pgfmathcalc.code.tex (/usr/share/texlive/texmf-dist/tex/generic/pgf/math/pgfmathutil.code.tex) (/usr/share/texlive/texmf-dist/tex/generic/pgf/math/pgfmathparser.code.tex
\pgfmath@dimen=\dimen171
\pgfmath@count=\count289
\pgfmath@box=\box52
\pgfmath@toks=\toks39
\pgfmath@stack@operand=\toks40
\pgfmath@stack@operation=\toks41
) (/usr/share/texlive/texmf-dist/tex/generic/pgf/math/pgfmathfunctions.code.tex (/usr/share/texlive/texmf-dist/tex/generic/pgf/math/pgfmathfunctions.basic.code.tex) (/usr/share/texlive/texmf-dist/tex/generic/pgf/math/pgfmathfunctions.trigonometric.code.tex) (/usr/share/texlive/texmf-dist/tex/generic/pgf/math/pgfmathfunctions.random.code.tex) (/usr/share/texlive/texmf-dist/tex/generic/pgf/math/pgfmathfunctions.comparison.code.tex) (/usr/share/texlive/texmf-dist/tex/generic/pgf/math/pgfmathfunctions.base.code.tex) (/usr/share/texlive/texmf-dist/tex/generic/pgf/math/pgfmathfunctions.round.code.tex) (/usr/share/texlive/texmf-dist/tex/generic/pgf/math/pgfmathfunctions.misc.code.tex) (/usr/share/texlive/texmf-dist/tex/generic/pgf/math/pgfmathfunctions.integerarithmetics.code.tex))) (/usr/share/texlive/texmf-dist/tex/generic/pgf/math/pgfmathfloat.code.tex
\c@pgfmathroundto@lastzeros=\count290
)) (/usr/share/texlive/texmf-dist/tex/generic/pgf/math/pgfint.code.tex) (/usr/share/texlive/texmf-dist/tex/generic/pgf/basiclayer/pgfcorepoints.code.tex
File: pgfcorepoints.code.tex 2020/01/08 v3.1.5b (3.1.5b)
\pgf@picminx=\dimen172
\pgf@picmaxx=\dimen173
\pgf@picminy=\dimen174
\pgf@picmaxy=\dimen175
\pgf@pathminx=\dimen176
\pgf@pathmaxx=\dimen177
\pgf@pathminy=\dimen178
\pgf@pathmaxy=\dimen179
\pgf@xx=\dimen180
\pgf@xy=\dimen181
\pgf@yx=\dimen182
\pgf@yy=\dimen183
\pgf@zx=\dimen184
\pgf@zy=\dimen185
) (/usr/share/texlive/texmf-dist/tex/generic/pgf/basiclayer/pgfcorepathconstruct.code.tex
File: pgfcorepathconstruct.code.tex 2020/01/08 v3.1.5b (3.1.5b)
\pgf@path@lastx=\dimen186
\pgf@path@lasty=\dimen187
) (/usr/share/texlive/texmf-dist/tex/generic/pgf/basiclayer/pgfcorepathusage.code.tex
File: pgfcorepathusage.code.tex 2020/01/08 v3.1.5b (3.1.5b)
\pgf@shorten@end@additional=\dimen188
\pgf@shorten@start@additional=\dimen189
) (/usr/share/texlive/texmf-dist/tex/generic/pgf/basiclayer/pgfcorescopes.code.tex
File: pgfcorescopes.code.tex 2020/01/08 v3.1.5b (3.1.5b)
\pgfpic=\box53
\pgf@hbox=\box54
\pgf@layerbox@main=\box55
\pgf@picture@serial@count=\count291
) (/usr/share/texlive/texmf-dist/tex/generic/pgf/basiclayer/pgfcoregraphicstate.code.tex
File: pgfcoregraphicstate.code.tex 2020/01/08 v3.1.5b (3.1.5b)
\pgflinewidth=\dimen190
) (/usr/share/texlive/texmf-dist/tex/generic/pgf/basiclayer/pgfcoretransformations.code.tex
File: pgfcoretransformations.code.tex 2020/01/08 v3.1.5b (3.1.5b)
\pgf@pt@x=\dimen191
\pgf@pt@y=\dimen192
\pgf@pt@temp=\dimen193
) (/usr/share/texlive/texmf-dist/tex/generic/pgf/basiclayer/pgfcorequick.code.tex
File: pgfcorequick.code.tex 2020/01/08 v3.1.5b (3.1.5b)
) (/usr/share/texlive/texmf-dist/tex/generic/pgf/basiclayer/pgfcoreobjects.code.tex
File: pgfcoreobjects.code.tex 2020/01/08 v3.1.5b (3.1.5b)
) (/usr/share/texlive/texmf-dist/tex/generic/pgf/basiclayer/pgfcorepathprocessing.code.tex
File: pgfcorepathprocessing.code.tex 2020/01/08 v3.1.5b (3.1.5b)
) (/usr/share/texlive/texmf-dist/tex/generic/pgf/basiclayer/pgfcorearrows.code.tex
File: pgfcorearrows.code.tex 2020/01/08 v3.1.5b (3.1.5b)
\pgfarrowsep=\dimen194
) (/usr/share/texlive/texmf-dist/tex/generic/pgf/basiclayer/pgfcoreshade.code.tex
File: pgfcoreshade.code.tex 2020/01/08 v3.1.5b (3.1.5b)
\pgf@max=\dimen195
\pgf@sys@shading@range@num=\count292
\pgf@shadingcount=\count293
) (/usr/share/texlive/texmf-dist/tex/generic/pgf/basiclayer/pgfcoreimage.code.tex
File: pgfcoreimage.code.tex 2020/01/08 v3.1.5b (3.1.5b)
 (/usr/share/texlive/texmf-dist/tex/generic/pgf/basiclayer/pgfcoreexternal.code.tex
File: pgfcoreexternal.code.tex 2020/01/08 v3.1.5b (3.1.5b)
\pgfexternal@startupbox=\box56
)) (/usr/share/texlive/texmf-dist/tex/generic/pgf/basiclayer/pgfcorelayers.code.tex
File: pgfcorelayers.code.tex 2020/01/08 v3.1.5b (3.1.5b)
) (/usr/share/texlive/texmf-dist/tex/generic/pgf/basiclayer/pgfcoretransparency.code.tex
File: pgfcoretransparency.code.tex 2020/01/08 v3.1.5b (3.1.5b)
) (/usr/share/texlive/texmf-dist/tex/generic/pgf/basiclayer/pgfcorepatterns.code.tex
File: pgfcorepatterns.code.tex 2020/01/08 v3.1.5b (3.1.5b)
) (/usr/share/texlive/texmf-dist/tex/generic/pgf/basiclayer/pgfcorerdf.code.tex
File: pgfcorerdf.code.tex 2020/01/08 v3.1.5b (3.1.5b)
))) (/usr/share/texlive/texmf-dist/tex/generic/pgf/modules/pgfmoduleshapes.code.tex
File: pgfmoduleshapes.code.tex 2020/01/08 v3.1.5b (3.1.5b)
\pgfnodeparttextbox=\box57
) (/usr/share/texlive/texmf-dist/tex/generic/pgf/modules/pgfmoduleplot.code.tex
File: pgfmoduleplot.code.tex 2020/01/08 v3.1.5b (3.1.5b)
) (/usr/share/texlive/texmf-dist/tex/latex/pgf/compatibility/pgfcomp-version-0-65.sty
Package: pgfcomp-version-0-65 2020/01/08 v3.1.5b (3.1.5b)
\pgf@nodesepstart=\dimen196
\pgf@nodesepend=\dimen197
) (/usr/share/texlive/texmf-dist/tex/latex/pgf/compatibility/pgfcomp-version-1-18.sty
Package: pgfcomp-version-1-18 2020/01/08 v3.1.5b (3.1.5b)
)) (/usr/share/texlive/texmf-dist/tex/latex/pgf/utilities/pgffor.sty (/usr/share/texlive/texmf-dist/tex/latex/pgf/utilities/pgfkeys.sty (/usr/share/texlive/texmf-dist/tex/generic/pgf/utilities/pgfkeys.code.tex)) (/usr/share/texlive/texmf-dist/tex/latex/pgf/math/pgfmath.sty (/usr/share/texlive/texmf-dist/tex/generic/pgf/math/pgfmath.code.tex)) (/usr/share/texlive/texmf-dist/tex/generic/pgf/utilities/pgffor.code.tex
Package: pgffor 2020/01/08 v3.1.5b (3.1.5b)
 (/usr/share/texlive/texmf-dist/tex/generic/pgf/math/pgfmath.code.tex)
\pgffor@iter=\dimen198
\pgffor@skip=\dimen199
\pgffor@stack=\toks42
\pgffor@toks=\toks43
)) (/usr/share/texlive/texmf-dist/tex/generic/pgf/frontendlayer/tikz/tikz.code.tex
Package: tikz 2020/01/08 v3.1.5b (3.1.5b)
 (/usr/share/texlive/texmf-dist/tex/generic/pgf/libraries/pgflibraryplothandlers.code.tex
File: pgflibraryplothandlers.code.tex 2020/01/08 v3.1.5b (3.1.5b)
\pgf@plot@mark@count=\count294
\pgfplotmarksize=\dimen256
)
\tikz@lastx=\dimen257
\tikz@lasty=\dimen258
\tikz@lastxsaved=\dimen259
\tikz@lastysaved=\dimen260
\tikz@lastmovetox=\dimen261
\tikz@lastmovetoy=\dimen262
\tikzleveldistance=\dimen263
\tikzsiblingdistance=\dimen264
\tikz@figbox=\box58
\tikz@figbox@bg=\box59
\tikz@tempbox=\box60
\tikz@tempbox@bg=\box61
\tikztreelevel=\count295
\tikznumberofchildren=\count296
\tikznumberofcurrentchild=\count297
\tikz@fig@count=\count298
 (/usr/share/texlive/texmf-dist/tex/generic/pgf/modules/pgfmodulematrix.code.tex
File: pgfmodulematrix.code.tex 2020/01/08 v3.1.5b (3.1.5b)
\pgfmatrixcurrentrow=\count299
\pgfmatrixcurrentcolumn=\count300
\pgf@matrix@numberofcolumns=\count301
)
\tikz@expandcount=\count302
 (/usr/share/texlive/texmf-dist/tex/generic/pgf/frontendlayer/tikz/libraries/tikzlibrarytopaths.code.tex
File: tikzlibrarytopaths.code.tex 2020/01/08 v3.1.5b (3.1.5b)
))) (/usr/share/texlive/texmf-dist/tex/generic/pgf/frontendlayer/tikz/libraries/tikzlibraryautomata.code.tex
File: tikzlibraryautomata.code.tex 2020/01/08 v3.1.5b (3.1.5b)
 (/usr/share/texlive/texmf-dist/tex/generic/pgf/frontendlayer/tikz/libraries/tikzlibraryshapes.multipart.code.tex
File: tikzlibraryshapes.multipart.code.tex 2020/01/08 v3.1.5b (3.1.5b)
 (/usr/share/texlive/texmf-dist/tex/generic/pgf/libraries/shapes/pgflibraryshapes.multipart.code.tex
File: pgflibraryshapes.multipart.code.tex 2020/01/08 v3.1.5b (3.1.5b)
\pgfnodepartlowerbox=\box62
\pgfnodeparttwobox=\box63
\pgfnodepartthreebox=\box64
\pgfnodepartfourbox=\box65
\pgfnodeparttwentybox=\box66
\pgfnodepartnineteenbox=\box67
\pgfnodeparteighteenbox=\box68
\pgfnodepartseventeenbox=\box69
\pgfnodepartsixteenbox=\box70
\pgfnodepartfifteenbox=\box71
\pgfnodepartfourteenbox=\box72
\pgfnodepartthirteenbox=\box73
\pgfnodeparttwelvebox=\box74
\pgfnodepartelevenbox=\box75
\pgfnodeparttenbox=\box76
\pgfnodepartninebox=\box77
\pgfnodeparteightbox=\box78
\pgfnodepartsevenbox=\box79
\pgfnodepartsixbox=\box80
\pgfnodepartfivebox=\box81
))) (/usr/share/texlive/texmf-dist/tex/generic/pgf/frontendlayer/tikz/libraries/tikzlibrarypositioning.code.tex
File: tikzlibrarypositioning.code.tex 2020/01/08 v3.1.5b (3.1.5b)
) (/usr/share/texlive/texmf-dist/tex/latex/hyperref/hyperref.sty
Package: hyperref 2020/01/14 v7.00d Hypertext links for LaTeX
 (/usr/share/texlive/texmf-dist/tex/generic/ltxcmds/ltxcmds.sty
Package: ltxcmds 2019/12/15 v1.24 LaTeX kernel commands for general use (HO)
) (/usr/share/texlive/texmf-dist/tex/generic/iftex/iftex.sty
Package: iftex 2019/11/07 v1.0c TeX engine tests
) (/usr/share/texlive/texmf-dist/tex/latex/pdftexcmds/pdftexcmds.sty
Package: pdftexcmds 2019/11/24 v0.31 Utility functions of pdfTeX for LuaTeX (HO)
 (/usr/share/texlive/texmf-dist/tex/generic/infwarerr/infwarerr.sty
Package: infwarerr 2019/12/03 v1.5 Providing info/warning/error messages (HO)
)
Package pdftexcmds Info: \pdf@primitive is available.
Package pdftexcmds Info: \pdf@ifprimitive is available.
Package pdftexcmds Info: \pdfdraftmode found.
) (/usr/share/texlive/texmf-dist/tex/generic/kvsetkeys/kvsetkeys.sty
Package: kvsetkeys 2019/12/15 v1.18 Key value parser (HO)
) (/usr/share/texlive/texmf-dist/tex/generic/kvdefinekeys/kvdefinekeys.sty
Package: kvdefinekeys 2019-12-19 v1.6 Define keys (HO)
) (/usr/share/texlive/texmf-dist/tex/generic/pdfescape/pdfescape.sty
Package: pdfescape 2019/12/09 v1.15 Implements pdfTeX's escape features (HO)
) (/usr/share/texlive/texmf-dist/tex/latex/hycolor/hycolor.sty
Package: hycolor 2020-01-27 v1.10 Color options for hyperref/bookmark (HO)
) (/usr/share/texlive/texmf-dist/tex/latex/letltxmacro/letltxmacro.sty
Package: letltxmacro 2019/12/03 v1.6 Let assignment for LaTeX macros (HO)
) (/usr/share/texlive/texmf-dist/tex/latex/auxhook/auxhook.sty
Package: auxhook 2019-12-17 v1.6 Hooks for auxiliary files (HO)
) (/usr/share/texlive/texmf-dist/tex/latex/kvoptions/kvoptions.sty
Package: kvoptions 2019/11/29 v3.13 Key value format for package options (HO)
)
\@linkdim=\dimen265
\Hy@linkcounter=\count303
\Hy@pagecounter=\count304
 (/usr/share/texlive/texmf-dist/tex/latex/hyperref/pd1enc.def
File: pd1enc.def 2020/01/14 v7.00d Hyperref: PDFDocEncoding definition (HO)
Now handling font encoding PD1 ...
... no UTF-8 mapping file for font encoding PD1
) (/usr/share/texlive/texmf-dist/tex/generic/intcalc/intcalc.sty
Package: intcalc 2019/12/15 v1.3 Expandable calculations with integers (HO)
) (/usr/share/texlive/texmf-dist/tex/generic/etexcmds/etexcmds.sty
Package: etexcmds 2019/12/15 v1.7 Avoid name clashes with e-TeX commands (HO)
)
\Hy@SavedSpaceFactor=\count305
\pdfmajorversion=\count306
Package hyperref Info: Hyper figures OFF on input line 4547.
Package hyperref Info: Link nesting OFF on input line 4552.
Package hyperref Info: Hyper index ON on input line 4555.
Package hyperref Info: Plain pages OFF on input line 4562.
Package hyperref Info: Backreferencing OFF on input line 4567.
Package hyperref Info: Implicit mode ON; LaTeX internals redefined.
Package hyperref Info: Bookmarks ON on input line 4800.
\c@Hy@tempcnt=\count307
 (/usr/share/texlive/texmf-dist/tex/latex/url/url.sty
\Urlmuskip=\muskip17
Package: url 2013/09/16  ver 3.4  Verb mode for urls, etc.
)
LaTeX Info: Redefining \url on input line 5159.
\XeTeXLinkMargin=\dimen266
 (/usr/share/texlive/texmf-dist/tex/generic/bitset/bitset.sty
Package: bitset 2019/12/09 v1.3 Handle bit-vector datatype (HO)
 (/usr/share/texlive/texmf-dist/tex/generic/bigintcalc/bigintcalc.sty
Package: bigintcalc 2019/12/15 v1.5 Expandable calculations on big integers (HO)
))
\Fld@menulength=\count308
\Field@Width=\dimen267
\Fld@charsize=\dimen268
Package hyperref Info: Hyper figures OFF on input line 6430.
Package hyperref Info: Link nesting OFF on input line 6435.
Package hyperref Info: Hyper index ON on input line 6438.
Package hyperref Info: backreferencing OFF on input line 6445.
Package hyperref Info: Link coloring OFF on input line 6450.
Package hyperref Info: Link coloring with OCG OFF on input line 6455.
Package hyperref Info: PDF/A mode OFF on input line 6460.
LaTeX Info: Redefining \ref on input line 6500.
LaTeX Info: Redefining \pageref on input line 6504.
 (/usr/share/texlive/texmf-dist/tex/generic/atbegshi/atbegshi.sty
Package: atbegshi 2019/12/05 v1.19 At begin shipout hook (HO)
)
\Hy@abspage=\count309
\c@Item=\count310
\c@Hfootnote=\count311
)
Package hyperref Info: Driver (autodetected): hpdftex.
 (/usr/share/texlive/texmf-dist/tex/latex/hyperref/hpdftex.def
File: hpdftex.def 2020/01/14 v7.00d Hyperref driver for pdfTeX
 (/usr/share/texlive/texmf-dist/tex/latex/atveryend/atveryend.sty
Package: atveryend 2019-12-11 v1.11 Hooks at the very end of document (HO)
Package atveryend Info: \enddocument detected (standard20110627).
)
\Fld@listcount=\count312
\c@bookmark@seq@number=\count313
 (/usr/share/texlive/texmf-dist/tex/latex/rerunfilecheck/rerunfilecheck.sty
Package: rerunfilecheck 2019/12/05 v1.9 Rerun checks for auxiliary files (HO)
 (/usr/share/texlive/texmf-dist/tex/generic/uniquecounter/uniquecounter.sty
Package: uniquecounter 2019/12/15 v1.4 Provide unlimited unique counter (HO)
)
Package uniquecounter Info: New unique counter `rerunfilecheck' on input line 286.
)
\Hy@SectionHShift=\skip70
) (/usr/share/texlive/texmf-dist/tex/latex/siunitx/siunitx.sty (/usr/share/texlive/texmf-dist/tex/latex/l3kernel/expl3.sty
Package: expl3 2020-02-14 L3 programming layer (loader) 
 (/usr/share/texlive/texmf-dist/tex/latex/l3backend/l3backend-pdfmode.def
File: l3backend-pdfmode.def 2020-02-03 L3 backend support: PDF mode
\l__kernel_color_stack_int=\count314
\l__pdf_internal_box=\box82
)) (/usr/share/texlive/texmf-dist/tex/latex/l3packages/xparse/xparse.sty
Package: xparse 2020-02-14 L3 Experimental document command parser
\l__xparse_current_arg_int=\count315
\g__xparse_grabber_int=\count316
\l__xparse_m_args_int=\count317
\l__xparse_v_nesting_int=\count318
)
Package: siunitx 2020/01/15 v2.7u A comprehensive (SI) units package
 (/usr/share/texlive/texmf-dist/tex/latex/tools/array.sty
Package: array 2019/08/31 v2.4l Tabular extension package (FMi)
\col@sep=\dimen269
\ar@mcellbox=\box83
\extrarowheight=\dimen270
\NC@list=\toks44
\extratabsurround=\skip71
\backup@length=\skip72
\ar@cellbox=\box84
) (/usr/share/texlive/texmf-dist/tex/latex/l3packages/l3keys2e/l3keys2e.sty
Package: l3keys2e 2020-02-14 LaTeX2e option processing using LaTeX3 keys
)
\l__siunitx_tmp_box=\box85
\l__siunitx_tmp_dim=\dimen271
\l__siunitx_tmp_int=\count319
\l__siunitx_number_mantissa_length_int=\count320
\l__siunitx_number_uncert_length_int=\count321
\l__siunitx_round_int=\count322
\l__siunitx_process_decimal_int=\count323
\l__siunitx_process_uncertainty_int=\count324
\l__siunitx_process_fixed_int=\count325
\l__siunitx_process_integer_min_int=\count326
\l__siunitx_process_precision_int=\count327
\l__siunitx_group_min_int=\count328
\l__siunitx_angle_marker_box=\box86
\l__siunitx_angle_unit_box=\box87
\l__siunitx_angle_marker_dim=\dimen272
\l__siunitx_angle_unit_dim=\dimen273
\l__siunitx_unit_int=\count329
\l__siunitx_unit_denominator_int=\count330
\l__siunitx_unit_numerator_int=\count331
\l__siunitx_unit_prefix_int=\count332
\l__siunitx_unit_prefix_base_int=\count333
\l__siunitx_unit_prefix_gram_int=\count334
\l__siunitx_number_product_int=\count335
\c__siunitx_one_fill_skip=\skip73
\l__siunitx_table_unit_align_skip=\skip74
\l__siunitx_table_exponent_dim=\dimen274
\l__siunitx_table_integer_dim=\dimen275
\l__siunitx_table_mantissa_dim=\dimen276
\l__siunitx_table_marker_dim=\dimen277
\l__siunitx_table_result_dim=\dimen278
\l__siunitx_table_uncert_dim=\dimen279
\l__siunitx_table_fill_pre_dim=\dimen280
\l__siunitx_table_fill_post_dim=\dimen281
\l__siunitx_table_fill_mid_dim=\dimen282
\l__siunitx_table_pre_box=\box88
\l__siunitx_table_post_box=\box89
\l__siunitx_table_mantissa_box=\box90
\l__siunitx_table_result_box=\box91
\l__siunitx_table_number_align_skip=\skip75
\l__siunitx_table_text_align_skip=\skip76
 (/usr/share/texlive/texmf-dist/tex/latex/translator/translator.sty
Package: translator 2019-05-31 v1.12a Easy translation of strings in LaTeX
)) (/usr/share/texlive/texmf-dist/tex/latex/biblatex/biblatex.sty
Package: biblatex 2019/12/01 v3.14 programmable bibliographies (PK/MW)
 (/usr/share/texlive/texmf-dist/tex/latex/etoolbox/etoolbox.sty
Package: etoolbox 2019/09/21 v2.5h e-TeX tools for LaTeX (JAW)
\etb@tempcnta=\count336
) (/usr/share/texlive/texmf-dist/tex/latex/logreq/logreq.sty
Package: logreq 2010/08/04 v1.0 xml request logger
\lrq@indent=\count337
 (/usr/share/texlive/texmf-dist/tex/latex/logreq/logreq.def
File: logreq.def 2010/08/04 v1.0 logreq spec v1.0
))
\c@tabx@nest=\count338
\c@listtotal=\count339
\c@listcount=\count340
\c@liststart=\count341
\c@liststop=\count342
\c@citecount=\count343
\c@citetotal=\count344
\c@multicitecount=\count345
\c@multicitetotal=\count346
\c@instcount=\count347
\c@maxnames=\count348
\c@minnames=\count349
\c@maxitems=\count350
\c@minitems=\count351
\c@citecounter=\count352
\c@maxcitecounter=\count353
\c@savedcitecounter=\count354
\c@uniquelist=\count355
\c@uniquename=\count356
\c@refsection=\count357
\c@refsegment=\count358
\c@maxextratitle=\count359
\c@maxextratitleyear=\count360
\c@maxextraname=\count361
\c@maxextradate=\count362
\c@maxextraalpha=\count363
\c@abbrvpenalty=\count364
\c@highnamepenalty=\count365
\c@lownamepenalty=\count366
\c@maxparens=\count367
\c@parenlevel=\count368
\blx@tempcnta=\count369
\blx@tempcntb=\count370
\blx@tempcntc=\count371
\blx@maxsection=\count372
\blx@maxsegment@0=\count373
\blx@notetype=\count374
\blx@parenlevel@text=\count375
\blx@parenlevel@foot=\count376
\blx@sectionciteorder@0=\count377
\blx@entrysetcounter=\count378
\labelnumberwidth=\skip77
\labelalphawidth=\skip78
\biblabelsep=\skip79
\bibitemsep=\skip80
\bibnamesep=\skip81
\bibinitsep=\skip82
\bibparsep=\skip83
\bibhang=\skip84
\blx@bcfin=\read4
\blx@bcfout=\write4
\blx@langwohyphens=\language85
\c@mincomprange=\count379
\c@maxcomprange=\count380
\c@mincompwidth=\count381
Package biblatex Info: Trying to load biblatex default data model...
Package biblatex Info: ... file 'blx-dm.def' found.
 (/usr/share/texlive/texmf-dist/tex/latex/biblatex/blx-dm.def
File: blx-dm.def 2019/12/01 v3.14 biblatex localization (PK/MW)
)
Package biblatex Info: Trying to load biblatex style data model...
Package biblatex Info: ... file 'authoryear.dbx' not found.
Package biblatex Info: Trying to load biblatex custom data model...
Package biblatex Info: ... file 'biblatex-dm.cfg' not found.
\c@afterword=\count382
\c@savedafterword=\count383
\c@annotator=\count384
\c@savedannotator=\count385
\c@author=\count386
\c@savedauthor=\count387
\c@bookauthor=\count388
\c@savedbookauthor=\count389
\c@commentator=\count390
\c@savedcommentator=\count391
\c@editor=\count392
\c@savededitor=\count393
\c@editora=\count394
\c@savededitora=\count395
\c@editorb=\count396
\c@savededitorb=\count397
\c@editorc=\count398
\c@savededitorc=\count399
\c@foreword=\count400
\c@savedforeword=\count401
\c@holder=\count402
\c@savedholder=\count403
\c@introduction=\count404
\c@savedintroduction=\count405
\c@namea=\count406
\c@savednamea=\count407
\c@nameb=\count408
\c@savednameb=\count409
\c@namec=\count410
\c@savednamec=\count411
\c@translator=\count412
\c@savedtranslator=\count413
\c@shortauthor=\count414
\c@savedshortauthor=\count415
\c@shorteditor=\count416
\c@savedshorteditor=\count417
\c@labelname=\count418
\c@savedlabelname=\count419
\c@institution=\count420
\c@savedinstitution=\count421
\c@lista=\count422
\c@savedlista=\count423
\c@listb=\count424
\c@savedlistb=\count425
\c@listc=\count426
\c@savedlistc=\count427
\c@listd=\count428
\c@savedlistd=\count429
\c@liste=\count430
\c@savedliste=\count431
\c@listf=\count432
\c@savedlistf=\count433
\c@location=\count434
\c@savedlocation=\count435
\c@organization=\count436
\c@savedorganization=\count437
\c@origlocation=\count438
\c@savedoriglocation=\count439
\c@origpublisher=\count440
\c@savedorigpublisher=\count441
\c@publisher=\count442
\c@savedpublisher=\count443
\c@language=\count444
\c@savedlanguage=\count445
\c@origlanguage=\count446
\c@savedoriglanguage=\count447
\c@pageref=\count448
\c@savedpageref=\count449
\shorthandwidth=\skip85
\shortjournalwidth=\skip86
\shortserieswidth=\skip87
\shorttitlewidth=\skip88
\shortauthorwidth=\skip89
\shorteditorwidth=\skip90
\locallabelnumberwidth=\skip91
\locallabelalphawidth=\skip92
\localshorthandwidth=\skip93
\localshortjournalwidth=\skip94
\localshortserieswidth=\skip95
\localshorttitlewidth=\skip96
\localshortauthorwidth=\skip97
\localshorteditorwidth=\skip98
Package biblatex Info: Trying to load compatibility code...
Package biblatex Info: ... file 'blx-compat.def' found.
 (/usr/share/texlive/texmf-dist/tex/latex/biblatex/blx-compat.def
File: blx-compat.def 2019/12/01 v3.14 biblatex compatibility (PK/MW)
)
Package biblatex Info: Trying to load generic definitions...
Package biblatex Info: ... file 'biblatex.def' found.
 (/usr/share/texlive/texmf-dist/tex/latex/biblatex/biblatex.def
File: biblatex.def 2019/12/01 v3.14 biblatex compatibility (PK/MW)
\c@textcitecount=\count450
\c@textcitetotal=\count451
\c@textcitemaxnames=\count452
\c@biburlbigbreakpenalty=\count453
\c@biburlbreakpenalty=\count454
\c@biburlnumpenalty=\count455
\c@biburlucpenalty=\count456
\c@biburllcpenalty=\count457
\biburlbigskip=\muskip18
\biburlnumskip=\muskip19
\biburlucskip=\muskip20
\biburllcskip=\muskip21
\c@smartand=\count458
)
Package biblatex Info: Trying to load natbib compatibility...
Package biblatex Info: ... file 'blx-natbib.def' found.
 (/usr/share/texlive/texmf-dist/tex/latex/biblatex/blx-natbib.def
File: blx-natbib.def 2019/12/01 v3.14 biblatex compatibility (PK/MW)
Package biblatex Info: Delimiter 'nameyeardelim' in context '' already defined, overwriting.
)
Package biblatex Info: Trying to load bibliography style 'authoryear'...
Package biblatex Info: ... file 'authoryear.bbx' found.
 (/usr/share/texlive/texmf-dist/tex/latex/biblatex/bbx/authoryear.bbx
File: authoryear.bbx 2019/12/01 v3.14 biblatex bibliography style (PK/MW)
Package biblatex Info: Trying to load bibliography style 'standard'...
Package biblatex Info: ... file 'standard.bbx' found.
 (/usr/share/texlive/texmf-dist/tex/latex/biblatex/bbx/standard.bbx
File: standard.bbx 2019/12/01 v3.14 biblatex bibliography style (PK/MW)
\c@bbx:relatedcount=\count459
\c@bbx:relatedtotal=\count460
))
Package biblatex Info: Trying to load citation style 'authoryear'...
Package biblatex Info: ... file 'authoryear.cbx' found.
 (/usr/share/texlive/texmf-dist/tex/latex/biblatex/cbx/authoryear.cbx
File: authoryear.cbx 2019/12/01 v3.14 biblatex citation style (PK/MW)
Package biblatex Info: Redefining '\cite'.
Package biblatex Info: Redefining '\parencite'.
Package biblatex Info: Redefining '\footcite'.
Package biblatex Info: Redefining '\footcitetext'.
Package biblatex Info: Redefining '\smartcite'.
Package biblatex Info: Redefining '\textcite'.
Package biblatex Info: Redefining '\textcites'.
)
Package biblatex Info: Trying to load configuration file...
Package biblatex Info: ... file 'biblatex.cfg' found.
 (/usr/share/texlive/texmf-dist/tex/latex/biblatex/biblatex.cfg
File: biblatex.cfg 
))
\c@theorem=\count461
\@quotelevel=\count462
\@quotereset=\count463
 (/home/dil/Desktop/MMathProject/Latex/main.aux)
\openout1 = `main.aux'.

LaTeX Font Info:    Checking defaults for OML/cmm/m/it on input line 54.
LaTeX Font Info:    ... okay on input line 54.
LaTeX Font Info:    Checking defaults for OMS/cmsy/m/n on input line 54.
LaTeX Font Info:    ... okay on input line 54.
LaTeX Font Info:    Checking defaults for OT1/cmr/m/n on input line 54.
LaTeX Font Info:    ... okay on input line 54.
LaTeX Font Info:    Checking defaults for T1/cmr/m/n on input line 54.
LaTeX Font Info:    ... okay on input line 54.
LaTeX Font Info:    Checking defaults for TS1/cmr/m/n on input line 54.
LaTeX Font Info:    ... okay on input line 54.
LaTeX Font Info:    Checking defaults for OMX/cmex/m/n on input line 54.
LaTeX Font Info:    ... okay on input line 54.
LaTeX Font Info:    Checking defaults for U/cmr/m/n on input line 54.
LaTeX Font Info:    ... okay on input line 54.
LaTeX Font Info:    Checking defaults for PD1/pdf/m/n on input line 54.
LaTeX Font Info:    ... okay on input line 54.
Package caption Info: Begin \AtBeginDocument code.
Package caption Info: hyperref package is loaded.
Package caption Info: rotating package is loaded.
Package caption Info: End \AtBeginDocument code.
 (/usr/share/texlive/texmf-dist/tex/context/base/mkii/supp-pdf.mkii
[Loading MPS to PDF converter (version 2006.09.02).]
\scratchcounter=\count464
\scratchdimen=\dimen283
\scratchbox=\box92
\nofMPsegments=\count465
\nofMParguments=\count466
\everyMPshowfont=\toks45
\MPscratchCnt=\count467
\MPscratchDim=\dimen284
\MPnumerator=\count468
\makeMPintoPDFobject=\count469
\everyMPtoPDFconversion=\toks46
) (/usr/share/texlive/texmf-dist/tex/latex/epstopdf-pkg/epstopdf-base.sty
Package: epstopdf-base 2020-01-24 v2.11 Base part for package epstopdf
 (/usr/share/texlive/texmf-dist/tex/latex/grfext/grfext.sty
Package: grfext 2019/12/03 v1.3 Manage graphics extensions (HO)
)
Package epstopdf-base Info: Redefining graphics rule for `.eps' on input line 485.
Package grfext Info: Graphics extension search list:
(grfext)             [.pdf,.png,.jpg,.mps,.jpeg,.jbig2,.jb2,.PDF,.PNG,.JPG,.JPEG,.JBIG2,.JB2,.eps]
(grfext)             \AppendGraphicsExtensions on input line 504.
 (/usr/share/texlive/texmf-dist/tex/latex/latexconfig/epstopdf-sys.cfg
File: epstopdf-sys.cfg 2010/07/13 v1.3 Configuration of (r)epstopdf for TeX Live
)) ABD: EveryShipout initializing macros
\AtBeginShipoutBox=\box93
Package hyperref Info: Link coloring OFF on input line 54.
 (/usr/share/texlive/texmf-dist/tex/latex/hyperref/nameref.sty
Package: nameref 2019/09/16 v2.46 Cross-referencing by name of section
 (/usr/share/texlive/texmf-dist/tex/latex/refcount/refcount.sty
Package: refcount 2019/12/15 v3.6 Data extraction from label references (HO)
) (/usr/share/texlive/texmf-dist/tex/generic/gettitlestring/gettitlestring.sty
Package: gettitlestring 2019/12/15 v1.6 Cleanup title references (HO)
)
\c@section@level=\count470
)
LaTeX Info: Redefining \ref on input line 54.
LaTeX Info: Redefining \pageref on input line 54.
LaTeX Info: Redefining \nameref on input line 54.
 (/home/dil/Desktop/MMathProject/Latex/main.out) (/home/dil/Desktop/MMathProject/Latex/main.out)
\@outlinefile=\write5
\openout5 = `main.out'.

 (/usr/share/texlive/texmf-dist/tex/latex/translator/translator-basic-dictionary-English.dict
Dictionary: translator-basic-dictionary, Language: English 
) (/usr/share/texlive/texmf-dist/tex/latex/siunitx/siunitx-abbreviations.cfg
File: siunitx-abbreviations.cfg 2017/11/26 v2.7k siunitx: Abbreviated units
)
Package biblatex Info: Trying to load language 'english'...
Package biblatex Info: ... file 'english.lbx' found.
 (/usr/share/texlive/texmf-dist/tex/latex/biblatex/lbx/english.lbx
File: english.lbx 2019/12/01 v3.14 biblatex localization (PK/MW)
)
Package biblatex Info: Input encoding 'utf8' detected.
Package biblatex Info: Automatic encoding selection.
(biblatex)             Assuming data encoding 'utf8'.
\openout4 = `main.bcf'.

Package biblatex Info: Trying to load bibliographic data...
Package biblatex Info: ... file 'main.bbl' found.
 (/home/dil/Desktop/MMathProject/Latex/main.bbl)
Package biblatex Info: Reference section=0 on input line 54.
Package biblatex Info: Reference segment=0 on input line 54.
LaTeX Font Info:    Trying to load font information for U+msa on input line 54.
 (/usr/share/texlive/texmf-dist/tex/latex/amsfonts/umsa.fd
File: umsa.fd 2013/01/14 v3.01 AMS symbols A
)
LaTeX Font Info:    Trying to load font information for U+msb on input line 54.
 (/usr/share/texlive/texmf-dist/tex/latex/amsfonts/umsb.fd
File: umsb.fd 2013/01/14 v3.01 AMS symbols B
)
LaTeX Font Info:    Trying to load font information for U+lasy on input line 54.
 (/usr/share/texlive/texmf-dist/tex/latex/base/ulasy.fd
File: ulasy.fd 1998/08/17 v2.2e LaTeX symbol font definitions
) [1
Non-PDF special ignored!
<special> papersize=597.50787pt,845.04684pt

{/var/lib/texmf/fonts/map/pdftex/updmap/pdftex.map}] (/home/dil/Desktop/MMathProject/Latex/chapters/Abstract.tex) [1

] (/home/dil/Desktop/MMathProject/Latex/main.toc [2

])
\tf@toc=\write6
\openout6 = `main.toc'.

 [3]
Chapter 1.
(/home/dil/Desktop/MMathProject/Latex/chapters/chp1.texpdfTeX warning (ext4): destination with the same identifier (name{page.1}) has been already used, duplicate ignored
<to be read again> 
                   \relax 
l.12 
      [1

]) [2]
Chapter 2.
(/home/dil/Desktop/MMathProject/Latex/chapters/chp2.tex [3

] [4] [5] [6] [7] [8] [9] [10] [11] [12] [13] [14]
LaTeX Font Info:    Trying to load font information for OMS+cmr on input line 711.
 (/usr/share/texlive/texmf-dist/tex/latex/base/omscmr.fd
File: omscmr.fd 2019/12/16 v2.5j Standard LaTeX font definitions
)
LaTeX Font Info:    Font shape `OMS/cmr/m/n' in size <12> not available
(Font)              Font shape `OMS/cmsy/m/n' tried instead on input line 711.
 [15]) [16]
Chapter 3.
(/home/dil/Desktop/MMathProject/Latex/chapters/chp3.tex [17

] [18]
<./images/ABC example/posterior.png, id=550, 749.80125pt x 289.08pt>
File: ./images/ABC example/posterior.png Graphic file (type png)
<use ./images/ABC example/posterior.png>
Package pdftex.def Info: ./images/ABC example/posterior.png  used on input line 130.
(pdftex.def)             Requested size: 211.26027pt x 81.4491pt.
<./images/ABC example/prior.png, id=551, 749.80125pt x 289.08pt>
File: ./images/ABC example/prior.png Graphic file (type png)
<use ./images/ABC example/prior.png>
Package pdftex.def Info: ./images/ABC example/prior.png  used on input line 136.
(pdftex.def)             Requested size: 211.26027pt x 81.4491pt.
<./images/ABC example/data.png, id=552, 749.80125pt x 289.08pt>
File: ./images/ABC example/data.png Graphic file (type png)
<use ./images/ABC example/data.png>
Package pdftex.def Info: ./images/ABC example/data.png  used on input line 143.
(pdftex.def)             Requested size: 211.26027pt x 81.4491pt.
 [19]) [20 <./images/ABC example/posterior.png (PNG copy)> <./images/ABC example/prior.png (PNG copy)> <./images/ABC example/data.png (PNG copy)>] [21]
Chapter 4.
(/home/dil/Desktop/MMathProject/Latex/chapters/chp4.tex [22

] [23] [24]
<./images/./AllParam/lambda_1.png, id=603, 383.4325pt x 262.9825pt>
File: ./images/./AllParam/lambda_1.png Graphic file (type png)
<use ./images/./AllParam/lambda_1.png>
Package pdftex.def Info: ./images/./AllParam/lambda_1.png  used on input line 114.
(pdftex.def)             Requested size: 140.84256pt x 96.59975pt.
<./images/./AllParam/lambda_2.png, id=605, 383.4325pt x 262.9825pt>
File: ./images/./AllParam/lambda_2.png Graphic file (type png)
<use ./images/./AllParam/lambda_2.png>
Package pdftex.def Info: ./images/./AllParam/lambda_2.png  used on input line 120.
(pdftex.def)             Requested size: 140.84256pt x 96.59975pt.
<./images/./AllParam/lambda_3.png, id=606, 383.4325pt x 262.9825pt>
File: ./images/./AllParam/lambda_3.png Graphic file (type png)
<use ./images/./AllParam/lambda_3.png>
Package pdftex.def Info: ./images/./AllParam/lambda_3.png  used on input line 126.
(pdftex.def)             Requested size: 140.84256pt x 96.59975pt.
<./images/./AllParam/xi_1.png, id=607, 400.49625pt x 262.9825pt>
File: ./images/./AllParam/xi_1.png Graphic file (type png)
<use ./images/./AllParam/xi_1.png>
Package pdftex.def Info: ./images/./AllParam/xi_1.png  used on input line 132.
(pdftex.def)             Requested size: 140.84256pt x 92.48264pt.
<./images/./AllParam/xi_2.png, id=608, 400.49625pt x 262.9825pt>
File: ./images/./AllParam/xi_2.png Graphic file (type png)
<use ./images/./AllParam/xi_2.png>
Package pdftex.def Info: ./images/./AllParam/xi_2.png  used on input line 138.
(pdftex.def)             Requested size: 140.84256pt x 92.48264pt.
<./images/./AllParam/xi_3.png, id=609, 400.49625pt x 262.9825pt>
File: ./images/./AllParam/xi_3.png Graphic file (type png)
<use ./images/./AllParam/xi_3.png>
Package pdftex.def Info: ./images/./AllParam/xi_3.png  used on input line 144.
(pdftex.def)             Requested size: 140.84256pt x 92.48264pt.
<./images/./AllParam/tau_1.png, id=610, 388.45125pt x 262.9825pt>
File: ./images/./AllParam/tau_1.png Graphic file (type png)
<use ./images/./AllParam/tau_1.png>
Package pdftex.def Info: ./images/./AllParam/tau_1.png  used on input line 150.
(pdftex.def)             Requested size: 140.84256pt x 95.35178pt.
<./images/./AllParam/tau_2.png, id=611, 394.47375pt x 262.9825pt>
File: ./images/./AllParam/tau_2.png Graphic file (type png)
<use ./images/./AllParam/tau_2.png>
Package pdftex.def Info: ./images/./AllParam/tau_2.png  used on input line 156.
(pdftex.def)             Requested size: 140.84256pt x 93.89514pt.
<./images/./AllParam/tau_3.png, id=612, 394.47375pt x 262.9825pt>
File: ./images/./AllParam/tau_3.png Graphic file (type png)
<use ./images/./AllParam/tau_3.png>
Package pdftex.def Info: ./images/./AllParam/tau_3.png  used on input line 162.
(pdftex.def)             Requested size: 140.84256pt x 93.89514pt.
 [25] [26 <./images/./AllParam/lambda_1.png> <./images/./AllParam/lambda_2.png> <./images/./AllParam/lambda_3.png> <./images/./AllParam/xi_1.png> <./images/./AllParam/xi_2.png> <./images/./AllParam/xi_3.png> <./images/./AllParam/tau_1.png> <./images/./AllParam/tau_2.png> <./images/./AllParam/tau_3.png>]
<./images/./SingleParam/lambda_3_1.png, id=638, 383.4325pt x 262.9825pt>
File: ./images/./SingleParam/lambda_3_1.png Graphic file (type png)
<use ./images/./SingleParam/lambda_3_1.png>
Package pdftex.def Info: ./images/./SingleParam/lambda_3_1.png  used on input line 194.
(pdftex.def)             Requested size: 140.84256pt x 96.59975pt.
<./images/./SingleParam/lambda_3_2.png, id=639, 383.4325pt x 262.9825pt>
File: ./images/./SingleParam/lambda_3_2.png Graphic file (type png)
<use ./images/./SingleParam/lambda_3_2.png>
Package pdftex.def Info: ./images/./SingleParam/lambda_3_2.png  used on input line 200.
(pdftex.def)             Requested size: 140.84256pt x 96.59975pt.
<./images/./SingleParam/lambda_3_3.png, id=640, 383.4325pt x 262.9825pt>
File: ./images/./SingleParam/lambda_3_3.png Graphic file (type png)
<use ./images/./SingleParam/lambda_3_3.png>
Package pdftex.def Info: ./images/./SingleParam/lambda_3_3.png  used on input line 206.
(pdftex.def)             Requested size: 140.84256pt x 96.59975pt.
<./images/./SingleParam/lambda_3_4.png, id=641, 383.4325pt x 262.9825pt>
File: ./images/./SingleParam/lambda_3_4.png Graphic file (type png)
<use ./images/./SingleParam/lambda_3_4.png>
Package pdftex.def Info: ./images/./SingleParam/lambda_3_4.png  used on input line 214.
(pdftex.def)             Requested size: 140.84256pt x 96.59975pt.
<./images/./SingleParam/lambda_3_5.png, id=642, 383.4325pt x 262.9825pt>
File: ./images/./SingleParam/lambda_3_5.png Graphic file (type png)
<use ./images/./SingleParam/lambda_3_5.png>
Package pdftex.def Info: ./images/./SingleParam/lambda_3_5.png  used on input line 220.
(pdftex.def)             Requested size: 140.84256pt x 96.59975pt.
<./images/./SingleParam/xi_3_1.png, id=648, 400.49625pt x 262.9825pt>
File: ./images/./SingleParam/xi_3_1.png Graphic file (type png)
<use ./images/./SingleParam/xi_3_1.png>
Package pdftex.def Info: ./images/./SingleParam/xi_3_1.png  used on input line 243.
(pdftex.def)             Requested size: 140.84256pt x 92.48264pt.
<./images/./SingleParam/xi_3_2.png, id=649, 400.49625pt x 262.9825pt>
File: ./images/./SingleParam/xi_3_2.png Graphic file (type png)
<use ./images/./SingleParam/xi_3_2.png>
Package pdftex.def Info: ./images/./SingleParam/xi_3_2.png  used on input line 249.
(pdftex.def)             Requested size: 140.84256pt x 92.48264pt.
<./images/./SingleParam/xi_3_3.png, id=650, 400.49625pt x 262.9825pt>
File: ./images/./SingleParam/xi_3_3.png Graphic file (type png)
<use ./images/./SingleParam/xi_3_3.png>
Package pdftex.def Info: ./images/./SingleParam/xi_3_3.png  used on input line 255.
(pdftex.def)             Requested size: 140.84256pt x 92.48264pt.
<./images/./SingleParam/xi_3_4.png, id=651, 400.49625pt x 262.9825pt>
File: ./images/./SingleParam/xi_3_4.png Graphic file (type png)
<use ./images/./SingleParam/xi_3_4.png>
Package pdftex.def Info: ./images/./SingleParam/xi_3_4.png  used on input line 263.
(pdftex.def)             Requested size: 140.84256pt x 92.48264pt.
<./images/./SingleParam/xi_3_5.png, id=652, 400.49625pt x 262.9825pt>
File: ./images/./SingleParam/xi_3_5.png Graphic file (type png)
<use ./images/./SingleParam/xi_3_5.png>
Package pdftex.def Info: ./images/./SingleParam/xi_3_5.png  used on input line 269.
(pdftex.def)             Requested size: 140.84256pt x 92.48264pt.
 [27 <./images/./SingleParam/lambda_3_1.png> <./images/./SingleParam/lambda_3_2.png> <./images/./SingleParam/lambda_3_3.png> <./images/./SingleParam/lambda_3_4.png> <./images/./SingleParam/lambda_3_5.png>]
<./images/./SingleParam/tau_3_1.png, id=671, 394.47375pt x 262.9825pt>
File: ./images/./SingleParam/tau_3_1.png Graphic file (type png)
<use ./images/./SingleParam/tau_3_1.png>
Package pdftex.def Info: ./images/./SingleParam/tau_3_1.png  used on input line 296.
(pdftex.def)             Requested size: 140.84256pt x 93.89514pt.
<./images/./SingleParam/tau_3_2.png, id=672, 394.47375pt x 262.9825pt>
File: ./images/./SingleParam/tau_3_2.png Graphic file (type png)
<use ./images/./SingleParam/tau_3_2.png>
Package pdftex.def Info: ./images/./SingleParam/tau_3_2.png  used on input line 302.
(pdftex.def)             Requested size: 140.84256pt x 93.89514pt.
<./images/./SingleParam/tau_3_3.png, id=673, 394.47375pt x 262.9825pt>
File: ./images/./SingleParam/tau_3_3.png Graphic file (type png)
<use ./images/./SingleParam/tau_3_3.png>
Package pdftex.def Info: ./images/./SingleParam/tau_3_3.png  used on input line 308.
(pdftex.def)             Requested size: 140.84256pt x 93.89514pt.
<./images/./SingleParam/tau_3_4.png, id=674, 394.47375pt x 262.9825pt>
File: ./images/./SingleParam/tau_3_4.png Graphic file (type png)
<use ./images/./SingleParam/tau_3_4.png>
Package pdftex.def Info: ./images/./SingleParam/tau_3_4.png  used on input line 316.
(pdftex.def)             Requested size: 140.84256pt x 93.89514pt.
<./images/./SingleParam/tau_3_5.png, id=675, 396.48125pt x 262.9825pt>
File: ./images/./SingleParam/tau_3_5.png Graphic file (type png)
<use ./images/./SingleParam/tau_3_5.png>
Package pdftex.def Info: ./images/./SingleParam/tau_3_5.png  used on input line 322.
(pdftex.def)             Requested size: 140.84256pt x 93.42163pt.
 [28 <./images/./SingleParam/xi_3_1.png> <./images/./SingleParam/xi_3_2.png> <./images/./SingleParam/xi_3_3.png> <./images/./SingleParam/xi_3_4.png> <./images/./SingleParam/xi_3_5.png>]
<./images/./Adj_ABC/lam_3.png, id=695, 383.4325pt x 262.9825pt>
File: ./images/./Adj_ABC/lam_3.png Graphic file (type png)
<use ./images/./Adj_ABC/lam_3.png>
Package pdftex.def Info: ./images/./Adj_ABC/lam_3.png  used on input line 354.
(pdftex.def)             Requested size: 140.84256pt x 96.59975pt.
<./images/./Adj_ABC/xi_3.png, id=696, 400.49625pt x 262.9825pt>
File: ./images/./Adj_ABC/xi_3.png Graphic file (type png)
<use ./images/./Adj_ABC/xi_3.png>
Package pdftex.def Info: ./images/./Adj_ABC/xi_3.png  used on input line 360.
(pdftex.def)             Requested size: 140.84256pt x 92.48264pt.
<./images/./Adj_ABC/tau_3.png, id=697, 394.47375pt x 262.9825pt>
File: ./images/./Adj_ABC/tau_3.png Graphic file (type png)
<use ./images/./Adj_ABC/tau_3.png>
Package pdftex.def Info: ./images/./Adj_ABC/tau_3.png  used on input line 366.
(pdftex.def)             Requested size: 140.84256pt x 93.89514pt.
 [29 <./images/./SingleParam/tau_3_1.png> <./images/./SingleParam/tau_3_2.png> <./images/./SingleParam/tau_3_3.png> <./images/./SingleParam/tau_3_4.png> <./images/./SingleParam/tau_3_5.png> <./images/./Adj_ABC/lam_3.png> <./images/./Adj_ABC/xi_3.png> <./images/./Adj_ABC/tau_3.png>]) [30]
Chapter 5.
(/home/dil/Desktop/MMathProject/Latex/chapters/chp5.tex [31

]) [32]
Chapter 6.
(/home/dil/Desktop/MMathProject/Latex/chapters/chp6.tex [33

]
<./images/HMM_Only/function.png, id=736, 947.54pt x 925.4575pt>
File: ./images/HMM_Only/function.png Graphic file (type png)
<use ./images/HMM_Only/function.png>
Package pdftex.def Info: ./images/HMM_Only/function.png  used on input line 45.
(pdftex.def)             Requested size: 211.26027pt x 206.32669pt.
<./images/HMM_Only/convLog.png, id=737, 381.425pt x 262.9825pt>
File: ./images/HMM_Only/convLog.png Graphic file (type png)
<use ./images/HMM_Only/convLog.png>
Package pdftex.def Info: ./images/HMM_Only/convLog.png  used on input line 51.
(pdftex.def)             Requested size: 211.26027pt x 145.65604pt.
 [34]
<./images/HMM_Only/0_freq_data.png, id=745, 390.45876pt x 262.9825pt>
File: ./images/HMM_Only/0_freq_data.png Graphic file (type png)
<use ./images/HMM_Only/0_freq_data.png>
Package pdftex.def Info: ./images/HMM_Only/0_freq_data.png  used on input line 98.
(pdftex.def)             Requested size: 211.26027pt x 142.28932pt.
<./images/HMM_Only/0_freq_sim.png, id=746, 390.45876pt x 263.98625pt>
File: ./images/HMM_Only/0_freq_sim.png Graphic file (type png)
<use ./images/HMM_Only/0_freq_sim.png>
Package pdftex.def Info: ./images/HMM_Only/0_freq_sim.png  used on input line 104.
(pdftex.def)             Requested size: 211.26027pt x 142.83241pt.
<./images/HMM_Only/_freq_data.png, id=747, 383.4325pt x 262.9825pt>
File: ./images/HMM_Only/_freq_data.png Graphic file (type png)
<use ./images/HMM_Only/_freq_data.png>
Package pdftex.def Info: ./images/HMM_Only/_freq_data.png  used on input line 111.
(pdftex.def)             Requested size: 211.26027pt x 144.89763pt.
<./images/HMM_Only/_freq_sim.png, id=748, 383.4325pt x 262.9825pt>
File: ./images/HMM_Only/_freq_sim.png Graphic file (type png)
<use ./images/HMM_Only/_freq_sim.png>
Package pdftex.def Info: ./images/HMM_Only/_freq_sim.png  used on input line 117.
(pdftex.def)             Requested size: 211.26027pt x 144.89763pt.
) [35 <./images/HMM_Only/function.png> <./images/HMM_Only/convLog.png>] [36 <./images/HMM_Only/0_freq_data.png> <./images/HMM_Only/0_freq_sim.png> <./images/HMM_Only/_freq_data.png> <./images/HMM_Only/_freq_sim.png>]
Chapter 7.
(/home/dil/Desktop/MMathProject/Latex/chapters/chp7.tex [37

]
<./images/Parameter Estimation on Attempt _1/param_1/lam0-10tau0-10.png, id=773, 567.62062pt x 289.08pt>
File: ./images/Parameter Estimation on Attempt _1/param_1/lam0-10tau0-10.png Graphic file (type png)
<use ./images/Parameter Estimation on Attempt _1/param_1/lam0-10tau0-10.png>
Package pdftex.def Info: ./images/Parameter Estimation on Attempt _1/param_1/lam0-10tau0-10.png  used on input line 61.
(pdftex.def)             Requested size: 375.57779pt x 191.283pt.
<./images/Parameter Estimation on Attempt _1/param_1/lam_1.png, id=774, 567.62062pt x 289.08pt>
File: ./images/Parameter Estimation on Attempt _1/param_1/lam_1.png Graphic file (type png)
<use ./images/Parameter Estimation on Attempt _1/param_1/lam_1.png>
Package pdftex.def Info: ./images/Parameter Estimation on Attempt _1/param_1/lam_1.png  used on input line 68.
(pdftex.def)             Requested size: 211.26027pt x 107.5931pt.
<./images/Parameter Estimation on Attempt _1/param_1/tau_1.png, id=775, 567.62062pt x 289.08pt>
File: ./images/Parameter Estimation on Attempt _1/param_1/tau_1.png Graphic file (type png)
<use ./images/Parameter Estimation on Attempt _1/param_1/tau_1.png>
Package pdftex.def Info: ./images/Parameter Estimation on Attempt _1/param_1/tau_1.png  used on input line 74.
(pdftex.def)             Requested size: 211.26027pt x 107.5931pt.
<./images/Parameter Estimation on Attempt _1/param_1/lam0-2tau0-0_5.png, id=776, 567.62062pt x 289.08pt>
File: ./images/Parameter Estimation on Attempt _1/param_1/lam0-2tau0-0_5.png Graphic file (type png)
<use ./images/Parameter Estimation on Attempt _1/param_1/lam0-2tau0-0_5.png>
Package pdftex.def Info: ./images/Parameter Estimation on Attempt _1/param_1/lam0-2tau0-0_5.png  used on input line 85.
(pdftex.def)             Requested size: 375.57779pt x 191.283pt.
<./images/Parameter Estimation on Attempt _1/param_1/lam_2.png, id=777, 567.62062pt x 289.08pt>
File: ./images/Parameter Estimation on Attempt _1/param_1/lam_2.png Graphic file (type png)
<use ./images/Parameter Estimation on Attempt _1/param_1/lam_2.png>
Package pdftex.def Info: ./images/Parameter Estimation on Attempt _1/param_1/lam_2.png  used on input line 92.
(pdftex.def)             Requested size: 211.26027pt x 107.5931pt.
<./images/Parameter Estimation on Attempt _1/param_1/tau_2.png, id=778, 567.62062pt x 289.08pt>
File: ./images/Parameter Estimation on Attempt _1/param_1/tau_2.png Graphic file (type png)
<use ./images/Parameter Estimation on Attempt _1/param_1/tau_2.png>
Package pdftex.def Info: ./images/Parameter Estimation on Attempt _1/param_1/tau_2.png  used on input line 98.
(pdftex.def)             Requested size: 211.26027pt x 107.5931pt.
<./images/Parameter Estimation on Attempt _1/param_1/lam0_5-0_75tau0-0_1.png, id=779, 567.62062pt x 289.08pt>
File: ./images/Parameter Estimation on Attempt _1/param_1/lam0_5-0_75tau0-0_1.png Graphic file (type png)
<use ./images/Parameter Estimation on Attempt _1/param_1/lam0_5-0_75tau0-0_1.png>
Package pdftex.def Info: ./images/Parameter Estimation on Attempt _1/param_1/lam0_5-0_75tau0-0_1.png  used on input line 109.
(pdftex.def)             Requested size: 375.57779pt x 191.283pt.
<./images/Parameter Estimation on Attempt _1/param_1/lam_3.png, id=780, 567.62062pt x 289.08pt>
File: ./images/Parameter Estimation on Attempt _1/param_1/lam_3.png Graphic file (type png)
<use ./images/Parameter Estimation on Attempt _1/param_1/lam_3.png>
Package pdftex.def Info: ./images/Parameter Estimation on Attempt _1/param_1/lam_3.png  used on input line 116.
(pdftex.def)             Requested size: 211.26027pt x 107.5931pt.
<./images/Parameter Estimation on Attempt _1/param_1/tau_3.png, id=781, 567.62062pt x 289.08pt>
File: ./images/Parameter Estimation on Attempt _1/param_1/tau_3.png Graphic file (type png)
<use ./images/Parameter Estimation on Attempt _1/param_1/tau_3.png>
Package pdftex.def Info: ./images/Parameter Estimation on Attempt _1/param_1/tau_3.png  used on input line 122.
(pdftex.def)             Requested size: 211.26027pt x 107.5931pt.
 [38] [39 <./images/Parameter Estimation on Attempt _1/param_1/lam0-10tau0-10.png (PNG copy)> <./images/Parameter Estimation on Attempt _1/param_1/lam_1.png> <./images/Parameter Estimation on Attempt _1/param_1/tau_1.png>] [40 <./images/Parameter Estimation on Attempt _1/param_1/lam0-2tau0-0_5.png (PNG copy)> <./images/Parameter Estimation on Attempt _1/param_1/lam_2.png> <./images/Parameter Estimation on Attempt _1/param_1/tau_2.png>] [41 <./images/Parameter Estimation on Attempt _1/param_1/lam0_5-0_75tau0-0_1.png (PNG copy)> <./images/Parameter Estimation on Attempt _1/param_1/lam_3.png> <./images/Parameter Estimation on Attempt _1/param_1/tau_3.png>]) [42]
Chapter 8.
(/home/dil/Desktop/MMathProject/Latex/chapters/chp8.tex
<./images/CDF/recorded.png, id=824, 371.13657pt x 289.08pt>
File: ./images/CDF/recorded.png Graphic file (type png)
<use ./images/CDF/recorded.png>
Package pdftex.def Info: ./images/CDF/recorded.png  used on input line 28.
(pdftex.def)             Requested size: 140.84256pt x 109.70596pt.
<./images/CDF/HMM.png, id=825, 371.13657pt x 289.08pt>
File: ./images/CDF/HMM.png Graphic file (type png)
<use ./images/CDF/HMM.png>
Package pdftex.def Info: ./images/CDF/HMM.png  used on input line 34.
(pdftex.def)             Requested size: 140.84256pt x 109.70596pt.
<./images/CDF/model.png, id=826, 371.13657pt x 289.08pt>
File: ./images/CDF/model.png Graphic file (type png)
<use ./images/CDF/model.png>
Package pdftex.def Info: ./images/CDF/model.png  used on input line 40.
(pdftex.def)             Requested size: 140.84256pt x 109.70596pt.
 [43

]) [44 <./images/CDF/recorded.png> <./images/CDF/HMM.png> <./images/CDF/model.png>] [45]
Chapter 9.
(/home/dil/Desktop/MMathProject/Latex/chapters/chp9.tex) [46

] [47

] [48]
Package atveryend Info: Empty hook `BeforeClearDocument' on input line 116.
Package atveryend Info: Empty hook `AfterLastShipout' on input line 116.
 (/home/dil/Desktop/MMathProject/Latex/main.aux)
Package atveryend Info: Executing hook `AtVeryEndDocument' on input line 116.
Package atveryend Info: Executing hook `AtEndAfterFileList' on input line 116.
Package rerunfilecheck Info: File `main.out' has not changed.
(rerunfilecheck)             Checksum: 94B5A074234DB2EE185B4AA226A82AEC;3214.
Package logreq Info: Writing requests to 'main.run.xml'.
\openout1 = `main.run.xml'.

Package atveryend Info: Empty hook `AtVeryVeryEnd' on input line 116.
 ) 
Here is how much of TeX's memory you used:
 30069 strings out of 481239
 606535 string characters out of 5920377
 1215960 words of memory out of 5000000
 44502 multiletter control sequences out of 15000+600000
 548284 words of font info for 90 fonts, out of 8000000 for 9000
 1141 hyphenation exceptions out of 8191
 60i,11n,70p,1048b,1675s stack positions out of 5000i,500n,10000p,200000b,80000s
{/usr/share/texmf/fonts/enc/dvips/cm-super/cm-super-ts1.enc}</usr/share/texlive/texmf-dist/fonts/type1/public/amsfonts/cm/cmbx12.pfb></usr/share/texlive/texmf-dist/fonts/type1/public/amsfonts/cm/cmcsc10.pfb></usr/share/texlive/texmf-dist/fonts/type1/public/amsfonts/cm/cmex10.pfb></usr/share/texlive/texmf-dist/fonts/type1/public/amsfonts/cm/cmmi10.pfb></usr/share/texlive/texmf-dist/fonts/type1/public/amsfonts/cm/cmmi12.pfb></usr/share/texlive/texmf-dist/fonts/type1/public/amsfonts/cm/cmmi6.pfb></usr/share/texlive/texmf-dist/fonts/type1/public/amsfonts/cm/cmmi8.pfb></usr/share/texlive/texmf-dist/fonts/type1/public/amsfonts/cm/cmr10.pfb></usr/share/texlive/texmf-dist/fonts/type1/public/amsfonts/cm/cmr12.pfb></usr/share/texlive/texmf-dist/fonts/type1/public/amsfonts/cm/cmr17.pfb></usr/share/texlive/texmf-dist/fonts/type1/public/amsfonts/cm/cmr6.pfb></usr/share/texlive/texmf-dist/fonts/type1/public/amsfonts/cm/cmr8.pfb></usr/share/texlive/texmf-dist/fonts/type1/public/amsfonts/cm/cmsy10.pfb></usr/share/texlive/texmf-dist/fonts/type1/public/amsfonts/cm/cmsy6.pfb></usr/share/texlive/texmf-dist/fonts/type1/public/amsfonts/cm/cmsy8.pfb></usr/share/texlive/texmf-dist/fonts/type1/public/amsfonts/cm/cmti12.pfb></usr/share/texlive/texmf-dist/fonts/type1/public/amsfonts/cm/cmtt12.pfb></usr/share/texlive/texmf-dist/fonts/type1/public/amsfonts/symbols/msbm10.pfb></usr/share/texmf/fonts/type1/public/cm-super/sfrm1200.pfb>
Output written on /home/dil/Desktop/MMathProject/Latex/main.pdf (52 pages, 999626 bytes).
PDF statistics:
 1000 PDF objects out of 1000 (max. 8388607)
 827 compressed objects within 9 object streams
 269 named destinations out of 1000 (max. 500000)
 653 words of extra memory for PDF output out of 10000 (max. 10000000)

