\BOOKMARK [0][-]{chapter.1}{Introduction}{}% 1
\BOOKMARK [0][-]{chapter.2}{Preliminaries}{}% 2
\BOOKMARK [1][-]{section.2.1}{Mathematical Foundations}{chapter.2}% 3
\BOOKMARK [2][-]{subsection.2.1.1}{Probability Theory}{section.2.1}% 4
\BOOKMARK [2][-]{subsection.2.1.2}{Conditional Probability}{section.2.1}% 5
\BOOKMARK [2][-]{subsection.2.1.3}{Stochastic Process}{section.2.1}% 6
\BOOKMARK [1][-]{section.2.2}{Applied Foundations}{chapter.2}% 7
\BOOKMARK [0][-]{chapter.3}{Standard Markov and Markov Property}{}% 8
\BOOKMARK [1][-]{section.3.1}{History}{chapter.3}% 9
\BOOKMARK [1][-]{section.3.2}{Markov Chain}{chapter.3}% 10
\BOOKMARK [1][-]{section.3.3}{Motivating the Hidden Markov Model}{chapter.3}% 11
\BOOKMARK [0][-]{chapter.4}{Hidden Markov Model}{}% 12
\BOOKMARK [1][-]{section.4.1}{Definition}{chapter.4}% 13
\BOOKMARK [1][-]{section.4.2}{Using HMM}{chapter.4}% 14
\BOOKMARK [2][-]{subsection.4.2.1}{Predictive Model}{section.4.2}% 15
\BOOKMARK [2][-]{subsection.4.2.2}{Three Key Problems}{section.4.2}% 16
\BOOKMARK [1][-]{section.4.3}{Problem 1: Evaluation}{chapter.4}% 17
\BOOKMARK [2][-]{subsection.4.3.1}{Forward-Backward Algorithm}{section.4.3}% 18
\BOOKMARK [1][-]{section.4.4}{Problem 2: Decoding}{chapter.4}% 19
\BOOKMARK [2][-]{subsection.4.4.1}{Viterbi Algorithm}{section.4.4}% 20
\BOOKMARK [1][-]{section.4.5}{Problem 3: Learning}{chapter.4}% 21
\BOOKMARK [2][-]{subsection.4.5.1}{Baum-Welch Algorithm}{section.4.5}% 22
\BOOKMARK [1][-]{section.4.6}{Modified HMM}{chapter.4}% 23
\BOOKMARK [2][-]{subsection.4.6.1}{GMM}{section.4.6}% 24
\BOOKMARK [0][-]{chapter.5}{Model Selection / Parameter Estimation}{}% 25
\BOOKMARK [1][-]{section.5.1}{Maximum Liklihood Estimators}{chapter.5}% 26
\BOOKMARK [1][-]{section.5.2}{Approximate Bayesian Computation}{chapter.5}% 27
\BOOKMARK [0][-]{chapter.6}{Coppertwait's Rainfall Model}{}% 28
\BOOKMARK [1][-]{section.6.1}{Point Processes}{chapter.6}% 29
\BOOKMARK [1][-]{section.6.2}{Spacio-Temporal Rainfall Model}{chapter.6}% 30
\BOOKMARK [1][-]{section.6.3}{Model Performance}{chapter.6}% 31
\BOOKMARK [0][-]{chapter.7}{Grando's Rainfall Model}{}% 32
\BOOKMARK [1][-]{section.7.1}{HMM Based Model}{chapter.7}% 33
\BOOKMARK [1][-]{section.7.2}{Numerical Results}{chapter.7}% 34
\BOOKMARK [1][-]{section.7.3}{High Dimenstional Parameter Estimation}{chapter.7}% 35
\BOOKMARK [0][-]{chapter.8}{HMMs and Rainfall Models}{}% 36
\BOOKMARK [1][-]{section.8.1}{Extending on Grando's Model}{chapter.8}% 37
\BOOKMARK [1][-]{section.8.2}{Single State Model}{chapter.8}% 38
\BOOKMARK [1][-]{section.8.3}{Single State Model Numerical Results}{chapter.8}% 39
